<?xml version="1.0" encoding="UTF-8"?>
<testsuite name="com.example.chatService.security.CookieUtilTest" tests="5" skipped="0" failures="0" errors="0" timestamp="2026-05-02T06:49:23.328Z" hostname="austin-750XGK" time="0.092">
  <properties/>
  <testcase name="tryResolveUserFromRefreshCookieDoesNotValidateWhenCookieIsMissing()" classname="com.example.chatService.security.CookieUtilTest" time="0.029"/>
  <testcase name="tryResolveUserFromRefreshCookieReturnsSubjectForValidToken()" classname="com.example.chatService.security.CookieUtilTest" time="0.014"/>
  <testcase name="clearRefreshTokenCookieExpiresCookie()" classname="com.example.chatService.security.CookieUtilTest" time="0.045"/>
  <testcase name="addRefreshTokenCookieWritesExpectedCookieHeader()" classname="com.example.chatService.security.CookieUtilTest" time="0.001"/>
  <testcase name="getRefreshTokenReturnsNullWhenCookieIsMissing()" classname="com.example.chatService.security.CookieUtilTest" time="0.0"/>
  <system-out><![CDATA[]]></system-out>
  <system-err><![CDATA[]]></system-err>
</testsuite>
