<?xml version="1.0" encoding="UTF-8"?>
<testsuite name="com.example.chatService.security.TokenHashUtilTest" tests="2" skipped="0" failures="0" errors="0" timestamp="2026-05-02T07:30:49.826Z" hostname="austin-750XGK" time="0.002">
  <properties/>
  <testcase name="hashIsDeterministicAndDoesNotExposeRawToken()" classname="com.example.chatService.security.TokenHashUtilTest" time="0.001"/>
  <testcase name="hashReturnsBase64EncodedSha256()" classname="com.example.chatService.security.TokenHashUtilTest" time="0.001"/>
  <system-out><![CDATA[]]></system-out>
  <system-err><![CDATA[]]></system-err>
</testsuite>
