<?xml version="1.0" encoding="UTF-8"?>
<testsuite name="com.example.chatService.security.TokenHashUtilTest" tests="2" skipped="0" failures="0" errors="0" timestamp="2026-05-02T06:49:23.421Z" hostname="austin-750XGK" time="0.004">
  <properties/>
  <testcase name="hashIsDeterministicAndDoesNotExposeRawToken()" classname="com.example.chatService.security.TokenHashUtilTest" time="0.003"/>
  <testcase name="hashReturnsBase64EncodedSha256()" classname="com.example.chatService.security.TokenHashUtilTest" time="0.0"/>
  <system-out><![CDATA[]]></system-out>
  <system-err><![CDATA[]]></system-err>
</testsuite>
