<?xml version="1.0" encoding="UTF-8"?>
<testsuite name="com.example.chatService.service.ChatMessageValidatorTest" tests="3" skipped="0" failures="0" errors="0" timestamp="2026-06-20T00:03:01.487Z" hostname="austin-750XGK" time="0.006">
  <properties/>
  <testcase name="acceptsOwnedUploadedImage()" classname="com.example.chatService.service.ChatMessageValidatorTest" time="0.002"/>
  <testcase name="rejectsAnotherUsersImage()" classname="com.example.chatService.service.ChatMessageValidatorTest" time="0.002"/>
  <testcase name="defaultsMissingTypeToText()" classname="com.example.chatService.service.ChatMessageValidatorTest" time="0.0"/>
  <system-out><![CDATA[]]></system-out>
  <system-err><![CDATA[]]></system-err>
</testsuite>
