<?xml version="1.0" encoding="UTF-8"?>
<testsuite name="com.example.chatService.security.CookieUtilTest" tests="5" skipped="0" failures="0" errors="0" timestamp="2026-05-02T07:30:49.749Z" hostname="austin-750XGK" time="0.075">
  <properties/>
  <testcase name="tryResolveUserFromRefreshCookieDoesNotValidateWhenCookieIsMissing()" classname="com.example.chatService.security.CookieUtilTest" time="0.025"/>
  <testcase name="tryResolveUserFromRefreshCookieReturnsSubjectForValidToken()" classname="com.example.chatService.security.CookieUtilTest" time="0.01"/>
  <testcase name="clearRefreshTokenCookieExpiresCookie()" classname="com.example.chatService.security.CookieUtilTest" time="0.035"/>
  <testcase name="addRefreshTokenCookieWritesExpectedCookieHeader()" classname="com.example.chatService.security.CookieUtilTest" time="0.001"/>
  <testcase name="getRefreshTokenReturnsNullWhenCookieIsMissing()" classname="com.example.chatService.security.CookieUtilTest" time="0.0"/>
  <system-out><![CDATA[]]></system-out>
  <system-err><![CDATA[]]></system-err>
</testsuite>
