<?xml version="1.0" encoding="UTF-8"?>
<testsuite name="com.example.chatService.redis.WsTokenServiceTest" tests="4" skipped="0" failures="0" errors="0" timestamp="2026-06-20T00:03:01.377Z" hostname="austin-750XGK" time="0.013">
  <properties/>
  <testcase name="createTokenForUserStoresUserIdWithTwoMinuteTtl()" classname="com.example.chatService.redis.WsTokenServiceTest" time="0.007"/>
  <testcase name="consumeTokenReturnsUserIdAndDeletesTokenWhenFound()" classname="com.example.chatService.redis.WsTokenServiceTest" time="0.001"/>
  <testcase name="consumeTokenDoesNotDeleteMissingToken()" classname="com.example.chatService.redis.WsTokenServiceTest" time="0.001"/>
  <testcase name="peekTokenReadsWithoutDeleting()" classname="com.example.chatService.redis.WsTokenServiceTest" time="0.002"/>
  <system-out><![CDATA[]]></system-out>
  <system-err><![CDATA[]]></system-err>
</testsuite>
